<?xml version="1.0" encoding="UTF-8" ?>
<testsuites name="vitest tests" tests="51" failures="0" errors="0" time="0.031749833">
    <testsuite name="src/test/orderSummary.test.ts" timestamp="2025-10-22T23:49:43.055Z" hostname="Xiaos-MacBook-Pro.local" tests="2" failures="0" errors="0" skipped="0" time="0.001172167">
        <testcase classname="src/test/orderSummary.test.ts" name="Order Summary Calculations &gt; calculates subtotal correctly" time="0.000547625">
        </testcase>
        <testcase classname="src/test/orderSummary.test.ts" name="Order Summary Calculations &gt; calculates total correctly with shipping" time="0.000172708">
        </testcase>
    </testsuite>
    <testsuite name="src/test/utils.test.ts" timestamp="2025-10-22T23:49:43.055Z" hostname="Xiaos-MacBook-Pro.local" tests="19" failures="0" errors="0" skipped="0" time="0.007071833">
        <testcase classname="src/test/utils.test.ts" name="Price Utilities &gt; formatPrice &gt; formats price in cents to dollars" time="0.001882792">
        </testcase>
        <testcase classname="src/test/utils.test.ts" name="Price Utilities &gt; formatPrice &gt; handles large prices correctly" time="0.000104">
        </testcase>
        <testcase classname="src/test/utils.test.ts" name="Price Utilities &gt; calculateSubtotal &gt; calculates subtotal for single item" time="0.000086792">
        </testcase>
        <testcase classname="src/test/utils.test.ts" name="Price Utilities &gt; calculateSubtotal &gt; calculates subtotal for multiple items" time="0.000089709">
        </testcase>
        <testcase classname="src/test/utils.test.ts" name="Price Utilities &gt; calculateSubtotal &gt; returns 0 for empty array" time="0.000045375">
        </testcase>
        <testcase classname="src/test/utils.test.ts" name="Price Utilities &gt; calculateTotal &gt; calculates total with shipping" time="0.000120333">
        </testcase>
        <testcase classname="src/test/utils.test.ts" name="Price Utilities &gt; calculateTotal &gt; calculates total without shipping" time="0.000052959">
        </testcase>
        <testcase classname="src/test/utils.test.ts" name="Validation Utilities &gt; validateEmail &gt; validates correct email addresses" time="0.00016625">
        </testcase>
        <testcase classname="src/test/utils.test.ts" name="Validation Utilities &gt; validateEmail &gt; rejects invalid email addresses" time="0.000301667">
        </testcase>
        <testcase classname="src/test/utils.test.ts" name="Validation Utilities &gt; validatePhoneNumber &gt; validates correct phone numbers" time="0.000339208">
        </testcase>
        <testcase classname="src/test/utils.test.ts" name="Validation Utilities &gt; validatePhoneNumber &gt; rejects invalid phone numbers" time="0.000336542">
        </testcase>
        <testcase classname="src/test/utils.test.ts" name="Validation Utilities &gt; validatePostcode &gt; validates correct postcodes" time="0.000260458">
        </testcase>
        <testcase classname="src/test/utils.test.ts" name="Validation Utilities &gt; validatePostcode &gt; rejects invalid postcodes" time="0.000218417">
        </testcase>
        <testcase classname="src/test/utils.test.ts" name="String Utilities &gt; truncateText &gt; truncates long text" time="0.000140333">
        </testcase>
        <testcase classname="src/test/utils.test.ts" name="String Utilities &gt; truncateText &gt; returns original text if shorter than max length" time="0.000053792">
        </testcase>
        <testcase classname="src/test/utils.test.ts" name="String Utilities &gt; truncateText &gt; handles empty string" time="0.000030916">
        </testcase>
        <testcase classname="src/test/utils.test.ts" name="String Utilities &gt; capitalizeFirstLetter &gt; capitalizes first letter and lowercases rest" time="0.000202375">
        </testcase>
        <testcase classname="src/test/utils.test.ts" name="String Utilities &gt; capitalizeFirstLetter &gt; handles single character" time="0.000054125">
        </testcase>
        <testcase classname="src/test/utils.test.ts" name="String Utilities &gt; capitalizeFirstLetter &gt; handles empty string" time="0.000029833">
        </testcase>
    </testsuite>
    <testsuite name="src/components/__tests__/App.test.js" timestamp="2025-10-22T23:49:43.057Z" hostname="Xiaos-MacBook-Pro.local" tests="4" failures="0" errors="0" skipped="0" time="0.004286875">
        <testcase classname="src/components/__tests__/App.test.js" name="App &gt; app - basic smoke test" time="0.000956542">
        </testcase>
        <testcase classname="src/components/__tests__/App.test.js" name="App &gt; app configuration check" time="0.001583958">
        </testcase>
        <testcase classname="src/components/__tests__/App.test.js" name="App &gt; environment variables check" time="0.000189709">
        </testcase>
        <testcase classname="src/components/__tests__/App.test.js" name="App &gt; route paths are defined" time="0.000913375">
        </testcase>
    </testsuite>
    <testsuite name="src/components/__tests__/Cart.test.js" timestamp="2025-10-22T23:49:43.057Z" hostname="Xiaos-MacBook-Pro.local" tests="6" failures="0" errors="0" skipped="0" time="0.006335041">
        <testcase classname="src/components/__tests__/Cart.test.js" name="Cart &gt; cart - basic functionality" time="0.000848083">
        </testcase>
        <testcase classname="src/components/__tests__/Cart.test.js" name="Cart &gt; calculates total cart price" time="0.000219208">
        </testcase>
        <testcase classname="src/components/__tests__/Cart.test.js" name="Cart &gt; handles empty cart" time="0.003590459">
        </testcase>
        <testcase classname="src/components/__tests__/Cart.test.js" name="Cart &gt; updates item quantity in cart" time="0.000343">
        </testcase>
        <testcase classname="src/components/__tests__/Cart.test.js" name="Cart &gt; removes item from cart" time="0.000193291">
        </testcase>
        <testcase classname="src/components/__tests__/Cart.test.js" name="Cart &gt; calculates total number of items in cart" time="0.000069166">
        </testcase>
    </testsuite>
    <testsuite name="src/components/__tests__/InputValidation.test.js" timestamp="2025-10-22T23:49:43.058Z" hostname="Xiaos-MacBook-Pro.local" tests="4" failures="0" errors="0" skipped="0" time="0.003234792">
        <testcase classname="src/components/__tests__/InputValidation.test.js" name="Input Validation &gt; validates required fields are not empty" time="0.000922125">
        </testcase>
        <testcase classname="src/components/__tests__/InputValidation.test.js" name="Input Validation &gt; validates email format" time="0.000417084">
        </testcase>
        <testcase classname="src/components/__tests__/InputValidation.test.js" name="Input Validation &gt; validates price is positive number" time="0.000423167">
        </testcase>
        <testcase classname="src/components/__tests__/InputValidation.test.js" name="Input Validation &gt; validates quantity is non-negative integer" time="0.000256542">
        </testcase>
    </testsuite>
    <testsuite name="src/components/__tests__/ProductDetail.test.js" timestamp="2025-10-22T23:49:43.058Z" hostname="Xiaos-MacBook-Pro.local" tests="7" failures="0" errors="0" skipped="0" time="0.004794708">
        <testcase classname="src/components/__tests__/ProductDetail.test.js" name="ProductDetail &gt; product detail - basic test" time="0.000767417">
        </testcase>
        <testcase classname="src/components/__tests__/ProductDetail.test.js" name="ProductDetail &gt; product detail - mock data verification" time="0.000294">
        </testcase>
        <testcase classname="src/components/__tests__/ProductDetail.test.js" name="ProductDetail &gt; product detail - string matching" time="0.00021425">
        </testcase>
        <testcase classname="src/components/__tests__/ProductDetail.test.js" name="ProductDetail &gt; product data has required properties" time="0.000734291">
        </testcase>
        <testcase classname="src/components/__tests__/ProductDetail.test.js" name="ProductDetail &gt; price conversion from cents to dollars" time="0.000402333">
        </testcase>
        <testcase classname="src/components/__tests__/ProductDetail.test.js" name="ProductDetail &gt; handles zero stock quantity" time="0.00015575">
        </testcase>
        <testcase classname="src/components/__tests__/ProductDetail.test.js" name="ProductDetail &gt; handles free product" time="0.000057333">
        </testcase>
    </testsuite>
    <testsuite name="src/components/__tests__/ProductList.test.js" timestamp="2025-10-22T23:49:43.058Z" hostname="Xiaos-MacBook-Pro.local" tests="5" failures="0" errors="0" skipped="0" time="0.002611375">
        <testcase classname="src/components/__tests__/ProductList.test.js" name="ProductList &gt; product list - basic rendering" time="0.000837083">
        </testcase>
        <testcase classname="src/components/__tests__/ProductList.test.js" name="ProductList &gt; product list contains multiple products" time="0.000612208">
        </testcase>
        <testcase classname="src/components/__tests__/ProductList.test.js" name="ProductList &gt; filters products by stock availability" time="0.000152875">
        </testcase>
        <testcase classname="src/components/__tests__/ProductList.test.js" name="ProductList &gt; sorts products by price" time="0.000129166">
        </testcase>
        <testcase classname="src/components/__tests__/ProductList.test.js" name="ProductList &gt; calculates total value of product list" time="0.00005975">
        </testcase>
    </testsuite>
    <testsuite name="src/components/__tests__/Util.test.js" timestamp="2025-10-22T23:49:43.059Z" hostname="Xiaos-MacBook-Pro.local" tests="4" failures="0" errors="0" skipped="0" time="0.002243042">
        <testcase classname="src/components/__tests__/Util.test.js" name="Utility Functions &gt; formatPrice formats cents to dollars correctly" time="0.000692583">
        </testcase>
        <testcase classname="src/components/__tests__/Util.test.js" name="Utility Functions &gt; calculateTotal calculates order total" time="0.00019875">
        </testcase>
        <testcase classname="src/components/__tests__/Util.test.js" name="Utility Functions &gt; isInStock checks product availability" time="0.00007775">
        </testcase>
        <testcase classname="src/components/__tests__/Util.test.js" name="Utility Functions &gt; generateId creates unique identifiers" time="0.000723417">
        </testcase>
    </testsuite>
</testsuites>
