<?xml version="1.0" encoding="UTF-8"?>
<testsuites name="jest tests" tests="6" failures="2" errors="0" time="1.536">
  <testsuite name="Auth routes" errors="0" failures="2" skipped="0" timestamp="2025-10-01T17:59:25" time="1.454" tests="6">
    <testcase classname="Auth routes should login the user" name="Auth routes should login the user" time="0.076">
    </testcase>
    <testcase classname="Auth routes should get user profile" name="Auth routes should get user profile" time="0.008">
    </testcase>
    <testcase classname="Auth routes should update user profile" name="Auth routes should update user profile" time="0.02">
      <failure>TypeError: Cannot read properties of undefined (reading &apos;name&apos;)
    at Object.name (C:\Users\btjhi\OneDrive\Documents\school\uni\adv soft\ASD-App-Belinda-R1\server\__tests__\auth.test.ts:59:33)
    at processTicksAndRejections (node:internal/process/task_queues:105:5)</failure>
    </testcase>
    <testcase classname="Auth routes should return 401 for profile with invalid token" name="Auth routes should return 401 for profile with invalid token" time="0.028">
    </testcase>
    <testcase classname="Auth routes should delete the user" name="Auth routes should delete the user" time="0.103">
      <failure>Error: expect(received).toBe(expected) // Object.is equality

Expected: 200
Received: 401
    at Object.toBe (C:\Users\btjhi\OneDrive\Documents\school\uni\adv soft\ASD-App-Belinda-R1\server\__tests__\auth.test.ts:80:24)
    at processTicksAndRejections (node:internal/process/task_queues:105:5)</failure>
    </testcase>
    <testcase classname="Auth routes should return 401 when deleting with missing token" name="Auth routes should return 401 when deleting with missing token" time="0.005">
    </testcase>
  </testsuite>
</testsuites>