<?xml version="1.0" encoding="UTF-8"?>
<testsuites name="jest tests" tests="6" failures="1" errors="0" time="923.791">
  <testsuite name="Auth routes" errors="0" failures="1" skipped="0" timestamp="2025-10-02T01:38:52" time="923.647" tests="6">
    <testcase classname="Auth routes should login the user" name="Auth routes should login the user" time="0.109">
    </testcase>
    <testcase classname="Auth routes should get user profile" name="Auth routes should get user profile" time="0.017">
    </testcase>
    <testcase classname="Auth routes should update user profile" name="Auth routes should update user profile" time="921.855">
      <failure>Error: thrown: &quot;Exceeded timeout of 5000 ms for a test.
Add a timeout value to this test to increase the timeout, if this is a long-running test. See https://jestjs.io/docs/api#testname-fn-timeout.&quot;
    at it (C:\Users\btjhi\OneDrive\Documents\school\uni\adv soft\ASD-App-Belinda-R1\server\__tests__\auth.test.ts:49:3)
    at _dispatchDescribe (C:\Users\btjhi\OneDrive\Documents\school\uni\adv soft\ASD-App-Belinda-R1\server\node_modules\jest-circus\build\jestAdapterInit.js:604:26)
    at describe (C:\Users\btjhi\OneDrive\Documents\school\uni\adv soft\ASD-App-Belinda-R1\server\node_modules\jest-circus\build\jestAdapterInit.js:572:44)
    at Object.describe (C:\Users\btjhi\OneDrive\Documents\school\uni\adv soft\ASD-App-Belinda-R1\server\__tests__\auth.test.ts:4:1)
    at Runtime._execModule (C:\Users\btjhi\OneDrive\Documents\school\uni\adv soft\ASD-App-Belinda-R1\server\node_modules\jest-runtime\build\index.js:1268:24)
    at Runtime._loadModule (C:\Users\btjhi\OneDrive\Documents\school\uni\adv soft\ASD-App-Belinda-R1\server\node_modules\jest-runtime\build\index.js:944:12)
    at Runtime.requireModule (C:\Users\btjhi\OneDrive\Documents\school\uni\adv soft\ASD-App-Belinda-R1\server\node_modules\jest-runtime\build\index.js:832:12)
    at jestAdapter (C:\Users\btjhi\OneDrive\Documents\school\uni\adv soft\ASD-App-Belinda-R1\server\node_modules\jest-circus\build\runner.js:95:13)
    at processTicksAndRejections (node:internal/process/task_queues:105:5)
    at runTestInternal (C:\Users\btjhi\OneDrive\Documents\school\uni\adv soft\ASD-App-Belinda-R1\server\node_modules\jest-runner\build\index.js:275:16)
    at runTest (C:\Users\btjhi\OneDrive\Documents\school\uni\adv soft\ASD-App-Belinda-R1\server\node_modules\jest-runner\build\index.js:343:7)</failure>
    </testcase>
    <testcase classname="Auth routes should return 401 for profile with invalid token" name="Auth routes should return 401 for profile with invalid token" time="0.209">
    </testcase>
    <testcase classname="Auth routes should delete the user" name="Auth routes should delete the user" time="0.056">
    </testcase>
    <testcase classname="Auth routes should return 401 when deleting with missing token" name="Auth routes should return 401 when deleting with missing token" time="0.014">
    </testcase>
  </testsuite>
</testsuites>