<?xml version="1.0" encoding="UTF-8"?>
<testsuites name="jest tests" tests="11" failures="0" errors="0" time="5.808">
  <testsuite name="Utility Functions" errors="0" failures="0" skipped="0" timestamp="2025-10-02T03:08:19" time="3.646" tests="5">
    <testcase classname="Utility Functions › calculateTotal" name="calculates total for single item" time="0.01">
    </testcase>
    <testcase classname="Utility Functions › calculateTotal" name="calculates total for multiple items" time="0.001">
    </testcase>
    <testcase classname="Utility Functions › calculateTotal" name="returns 0 for empty array" time="0">
    </testcase>
    <testcase classname="Utility Functions › validateEmail" name="validates correct email addresses" time="0.001">
    </testcase>
    <testcase classname="Utility Functions › validateEmail" name="rejects invalid email addresses" time="0.001">
    </testcase>
  </testsuite>
  <testsuite name="Product Controller" errors="0" failures="0" skipped="0" timestamp="2025-10-02T03:08:19" time="3.656" tests="2">
    <testcase classname="Product Controller" name="should return products list" time="0.012">
    </testcase>
    <testcase classname="Product Controller" name="should create a new product" time="0.001">
    </testcase>
  </testsuite>
  <testsuite name="Auth Controller" errors="0" failures="0" skipped="0" timestamp="2025-10-02T03:08:19" time="4.63" tests="2">
    <testcase classname="Auth Controller" name="should validate user credentials" time="0.012">
    </testcase>
    <testcase classname="Auth Controller" name="should create new user account" time="0.001">
    </testcase>
  </testsuite>
  <testsuite name="Delivery Controller" errors="0" failures="0" skipped="0" timestamp="2025-10-02T03:08:19" time="4.648" tests="2">
    <testcase classname="Delivery Controller" name="should calculate delivery slots correctly" time="0.01">
    </testcase>
    <testcase classname="Delivery Controller" name="should validate address format correctly" time="0.001">
    </testcase>
  </testsuite>
</testsuites>